<?xml version="1.0" encoding="UTF-8"?>
<!-- Generated by org.testng.reporters.JUnitReportReporter -->
<testsuite skipped="0" hostname="DESKTOP-ONN44VL" name="testScripts.EditCustomer" tests="2" failures="0" timestamp="21 Mar 2018 16:45:38 GMT" time="27.438" errors="0">
  <testcase name="TC_02_negative" time="7.051" classname="testScripts.EditCustomer"/>
  <testcase name="TC_01" time="20.387" classname="testScripts.EditCustomer"/>
</testsuite> <!-- testScripts.EditCustomer -->
