<?xml version="1.0" encoding="UTF-8"?>
<!-- Generated by org.testng.reporters.JUnitReportReporter -->
<testsuite skipped="0" hostname="DESKTOP-ONN44VL" name="testScripts.ValidateLoginPage" tests="2" failures="0" timestamp="21 Mar 2018 16:45:38 GMT" time="26.376" errors="0">
  <testcase name="TC01_ValidLoginCredentials" time="12.465" classname="testScripts.ValidateLoginPage"/>
  <testcase name="TC02_InValidLoginCredentials" time="13.911" classname="testScripts.ValidateLoginPage"/>
</testsuite> <!-- testScripts.ValidateLoginPage -->
