<?xml version="1.0" encoding="UTF-8"?>
<!-- Generated by org.testng.reporters.JUnitReportReporter -->
<testsuite skipped="0" hostname="DESKTOP-ONN44VL" name="testScripts.CreateNewCustomer" tests="2" failures="0" timestamp="21 Mar 2018 16:45:38 GMT" time="33.307" errors="0">
  <testcase name="TC_02_Negative" time="13.088" classname="testScripts.CreateNewCustomer"/>
  <testcase name="TC_01_Positive" time="20.219" classname="testScripts.CreateNewCustomer"/>
</testsuite> <!-- testScripts.CreateNewCustomer -->
